<?xml version="1.0" encoding="UTF-8"?>
<!-- Generated by org.testng.reporters.JUnitXMLReporter -->
<testsuite hostname="DESKTOP-4J1LCJ7" ignored="0" name="OpenAccountTest" tests="3" failures="3" timestamp="10 Apr 2019 21:35:21 GMT" time="88.743" errors="0">
  <testcase name="openAccountTest" time="66.746" classname="com.w2a.suite.bankmanager.testcases.OpenAccountTest">
    <failure type="java.lang.AssertionError" message="Failing while clicking on an Elementprocess_CSS">
      <![CDATA[java.lang.AssertionError: Failing while clicking on an Elementprocess_CSS
	at com.w2a.datadriven.base.TestBase.reportFailure(TestBase.java:171)
	at com.w2a.datadriven.base.TestBase.click(TestBase.java:192)
	at com.w2a.suite.bankmanager.testcases.OpenAccountTest.openAccountTest(OpenAccountTest.java:31)
	at java.util.concurrent.FutureTask.run(FutureTask.java:266)
	at java.util.concurrent.Executors$RunnableAdapter.call(Executors.java:511)
	at java.util.concurrent.FutureTask.run(FutureTask.java:266)
	at java.util.concurrent.ThreadPoolExecutor.runWorker(ThreadPoolExecutor.java:1149)
	at java.util.concurrent.ThreadPoolExecutor$Worker.run(ThreadPoolExecutor.java:624)
	at java.lang.Thread.run(Thread.java:748)
... Removed 10 stack frames]]>
    </failure>
  </testcase> <!-- openAccountTest -->
  <testcase name="openAccountTest" time="67.378" classname="com.w2a.suite.bankmanager.testcases.OpenAccountTest">
    <failure type="java.lang.AssertionError" message="Failing while clicking on an Elementprocess_CSS">
      <![CDATA[java.lang.AssertionError: Failing while clicking on an Elementprocess_CSS
	at com.w2a.datadriven.base.TestBase.reportFailure(TestBase.java:171)
	at com.w2a.datadriven.base.TestBase.click(TestBase.java:192)
	at com.w2a.suite.bankmanager.testcases.OpenAccountTest.openAccountTest(OpenAccountTest.java:31)
	at java.util.concurrent.FutureTask.run(FutureTask.java:266)
	at java.util.concurrent.Executors$RunnableAdapter.call(Executors.java:511)
	at java.util.concurrent.FutureTask.run(FutureTask.java:266)
	at java.util.concurrent.ThreadPoolExecutor.runWorker(ThreadPoolExecutor.java:1149)
	at java.util.concurrent.ThreadPoolExecutor$Worker.run(ThreadPoolExecutor.java:624)
	at java.lang.Thread.run(Thread.java:748)
... Removed 10 stack frames]]>
    </failure>
  </testcase> <!-- openAccountTest -->
  <testcase name="openAccountTest" time="87.885" classname="com.w2a.suite.bankmanager.testcases.OpenAccountTest">
    <failure type="java.lang.AssertionError" message="Failing while clicking on an Elementprocess_CSS">
      <![CDATA[java.lang.AssertionError: Failing while clicking on an Elementprocess_CSS
	at com.w2a.datadriven.base.TestBase.reportFailure(TestBase.java:171)
	at com.w2a.datadriven.base.TestBase.click(TestBase.java:192)
	at com.w2a.suite.bankmanager.testcases.OpenAccountTest.openAccountTest(OpenAccountTest.java:31)
	at java.util.concurrent.FutureTask.run(FutureTask.java:266)
	at java.util.concurrent.Executors$RunnableAdapter.call(Executors.java:511)
	at java.util.concurrent.FutureTask.run(FutureTask.java:266)
	at java.util.concurrent.ThreadPoolExecutor.runWorker(ThreadPoolExecutor.java:1149)
	at java.util.concurrent.ThreadPoolExecutor$Worker.run(ThreadPoolExecutor.java:624)
	at java.lang.Thread.run(Thread.java:748)
... Removed 10 stack frames]]>
    </failure>
  </testcase> <!-- openAccountTest -->
</testsuite> <!-- OpenAccountTest -->
