<?xml version="1.0" encoding="UTF-8"?>
<testng-results skipped="0" failed="3" ignored="0" total="6" passed="3">
  <reporter-output>
  </reporter-output>
  <suite name="BankManagerSuite" duration-ms="160441" started-at="2019-04-11T15:19:42Z" finished-at="2019-04-11T15:22:23Z">
    <groups>
    </groups>
    <test name="AddCustomerTest" duration-ms="143521" started-at="2019-04-11T15:19:42Z" finished-at="2019-04-11T15:22:06Z">
      <class name="com.w2a.suite.bankmanager.testcases.AddCustomerTest">
        <test-method status="PASS" signature="addCustomerTest(java.util.Hashtable)[pri:0, instance:com.w2a.suite.bankmanager.testcases.AddCustomerTest@551aa95a]" name="addCustomerTest" duration-ms="140638" started-at="2019-04-11T11:19:43Z" data-provider="bankManagerDP" finished-at="2019-04-11T11:22:04Z">
          <params>
            <param index="0">
              <value>
                <![CDATA[{browser=firefox, postcode=D53434, Runmode=Y, lastname=Smith, firstname=Tom}]]>
              </value>
            </param>
          </params>
          <reporter-output>
          </reporter-output>
        </test-method> <!-- addCustomerTest -->
        <test-method status="PASS" signature="addCustomerTest(java.util.Hashtable)[pri:0, instance:com.w2a.suite.bankmanager.testcases.AddCustomerTest@551aa95a]" name="addCustomerTest" duration-ms="70752" started-at="2019-04-11T11:19:43Z" data-provider="bankManagerDP" finished-at="2019-04-11T11:20:54Z">
          <params>
            <param index="0">
              <value>
                <![CDATA[{browser=chrome, postcode=A234424, Runmode=Y, lastname=Arora, firstname=Raman}]]>
              </value>
            </param>
          </params>
          <reporter-output>
          </reporter-output>
        </test-method> <!-- addCustomerTest -->
        <test-method status="PASS" signature="addCustomerTest(java.util.Hashtable)[pri:0, instance:com.w2a.suite.bankmanager.testcases.AddCustomerTest@551aa95a]" name="addCustomerTest" duration-ms="136547" started-at="2019-04-11T11:19:43Z" data-provider="bankManagerDP" finished-at="2019-04-11T11:22:00Z">
          <params>
            <param index="0">
              <value>
                <![CDATA[{browser=firefox, postcode=D53434, Runmode=Y, lastname=Arora, firstname=Rahul}]]>
              </value>
            </param>
          </params>
          <reporter-output>
          </reporter-output>
        </test-method> <!-- addCustomerTest -->
        <test-method status="PASS" signature="tearDown()[pri:0, instance:com.w2a.suite.bankmanager.testcases.AddCustomerTest@551aa95a]" name="tearDown" is-config="true" duration-ms="3039" started-at="2019-04-11T11:20:54Z" finished-at="2019-04-11T11:20:57Z">
          <reporter-output>
          </reporter-output>
        </test-method> <!-- tearDown -->
        <test-method status="PASS" signature="tearDown()[pri:0, instance:com.w2a.suite.bankmanager.testcases.AddCustomerTest@551aa95a]" name="tearDown" is-config="true" duration-ms="3122" started-at="2019-04-11T11:22:00Z" finished-at="2019-04-11T11:22:03Z">
          <reporter-output>
          </reporter-output>
        </test-method> <!-- tearDown -->
        <test-method status="PASS" signature="tearDown()[pri:0, instance:com.w2a.suite.bankmanager.testcases.AddCustomerTest@551aa95a]" name="tearDown" is-config="true" duration-ms="2337" started-at="2019-04-11T11:22:04Z" finished-at="2019-04-11T11:22:06Z">
          <reporter-output>
          </reporter-output>
        </test-method> <!-- tearDown -->
      </class> <!-- com.w2a.suite.bankmanager.testcases.AddCustomerTest -->
    </test> <!-- AddCustomerTest -->
    <test name="OpenAccountTest" duration-ms="160441" started-at="2019-04-11T15:19:42Z" finished-at="2019-04-11T15:22:23Z">
      <class name="com.w2a.suite.bankmanager.testcases.OpenAccountTest">
        <test-method status="FAIL" signature="openAccountTest(java.util.Hashtable)[pri:0, instance:com.w2a.suite.bankmanager.testcases.OpenAccountTest@9660f4e]" name="openAccountTest" duration-ms="159563" started-at="2019-04-11T11:19:43Z" data-provider="bankManagerDP" finished-at="2019-04-11T11:22:23Z">
          <params>
            <param index="0">
              <value>
                <![CDATA[{currency=Pound, browser=firefox, Runmode=Y, customer=Hermoine Granger}]]>
              </value>
            </param>
          </params>
          <exception class="java.lang.AssertionError">
            <message>
              <![CDATA[Failing while clicking on an Elementprocess_CSS]]>
            </message>
            <full-stacktrace>
              <![CDATA[java.lang.AssertionError: Failing while clicking on an Elementprocess_CSS
	at org.testng.Assert.fail(Assert.java:93)
	at com.w2a.datadriven.base.TestBase.reportFailure(TestBase.java:170)
	at com.w2a.datadriven.base.TestBase.click(TestBase.java:191)
	at com.w2a.suite.bankmanager.testcases.OpenAccountTest.openAccountTest(OpenAccountTest.java:31)
	at sun.reflect.NativeMethodAccessorImpl.invoke0(Native Method)
	at sun.reflect.NativeMethodAccessorImpl.invoke(NativeMethodAccessorImpl.java:62)
	at sun.reflect.DelegatingMethodAccessorImpl.invoke(DelegatingMethodAccessorImpl.java:43)
	at java.lang.reflect.Method.invoke(Method.java:498)
	at org.testng.internal.MethodInvocationHelper.invokeMethod(MethodInvocationHelper.java:108)
	at org.testng.internal.Invoker.invokeMethod(Invoker.java:661)
	at org.testng.internal.Invoker.invokeTestMethod(Invoker.java:869)
	at org.testng.internal.TestMethodWithDataProviderMethodWorker.call(TestMethodWithDataProviderMethodWorker.java:75)
	at org.testng.internal.TestMethodWithDataProviderMethodWorker.call(TestMethodWithDataProviderMethodWorker.java:14)
	at java.util.concurrent.FutureTask.run(FutureTask.java:266)
	at java.util.concurrent.Executors$RunnableAdapter.call(Executors.java:511)
	at java.util.concurrent.FutureTask.run(FutureTask.java:266)
	at java.util.concurrent.ThreadPoolExecutor.runWorker(ThreadPoolExecutor.java:1149)
	at java.util.concurrent.ThreadPoolExecutor$Worker.run(ThreadPoolExecutor.java:624)
	at java.lang.Thread.run(Thread.java:748)
]]>
            </full-stacktrace>
          </exception> <!-- java.lang.AssertionError -->
          <reporter-output>
          </reporter-output>
        </test-method> <!-- openAccountTest -->
        <test-method status="FAIL" signature="openAccountTest(java.util.Hashtable)[pri:0, instance:com.w2a.suite.bankmanager.testcases.OpenAccountTest@9660f4e]" name="openAccountTest" duration-ms="102577" started-at="2019-04-11T11:19:43Z" data-provider="bankManagerDP" finished-at="2019-04-11T11:21:26Z">
          <params>
            <param index="0">
              <value>
                <![CDATA[{currency=Rupee, browser=chrome, Runmode=Y, customer=Harry Potter}]]>
              </value>
            </param>
          </params>
          <exception class="java.lang.AssertionError">
            <message>
              <![CDATA[Failing while clicking on an Elementprocess_CSS]]>
            </message>
            <full-stacktrace>
              <![CDATA[java.lang.AssertionError: Failing while clicking on an Elementprocess_CSS
	at org.testng.Assert.fail(Assert.java:93)
	at com.w2a.datadriven.base.TestBase.reportFailure(TestBase.java:170)
	at com.w2a.datadriven.base.TestBase.click(TestBase.java:191)
	at com.w2a.suite.bankmanager.testcases.OpenAccountTest.openAccountTest(OpenAccountTest.java:31)
	at sun.reflect.NativeMethodAccessorImpl.invoke0(Native Method)
	at sun.reflect.NativeMethodAccessorImpl.invoke(NativeMethodAccessorImpl.java:62)
	at sun.reflect.DelegatingMethodAccessorImpl.invoke(DelegatingMethodAccessorImpl.java:43)
	at java.lang.reflect.Method.invoke(Method.java:498)
	at org.testng.internal.MethodInvocationHelper.invokeMethod(MethodInvocationHelper.java:108)
	at org.testng.internal.Invoker.invokeMethod(Invoker.java:661)
	at org.testng.internal.Invoker.invokeTestMethod(Invoker.java:869)
	at org.testng.internal.TestMethodWithDataProviderMethodWorker.call(TestMethodWithDataProviderMethodWorker.java:75)
	at org.testng.internal.TestMethodWithDataProviderMethodWorker.call(TestMethodWithDataProviderMethodWorker.java:14)
	at java.util.concurrent.FutureTask.run(FutureTask.java:266)
	at java.util.concurrent.Executors$RunnableAdapter.call(Executors.java:511)
	at java.util.concurrent.FutureTask.run(FutureTask.java:266)
	at java.util.concurrent.ThreadPoolExecutor.runWorker(ThreadPoolExecutor.java:1149)
	at java.util.concurrent.ThreadPoolExecutor$Worker.run(ThreadPoolExecutor.java:624)
	at java.lang.Thread.run(Thread.java:748)
]]>
            </full-stacktrace>
          </exception> <!-- java.lang.AssertionError -->
          <reporter-output>
          </reporter-output>
        </test-method> <!-- openAccountTest -->
        <test-method status="FAIL" signature="openAccountTest(java.util.Hashtable)[pri:0, instance:com.w2a.suite.bankmanager.testcases.OpenAccountTest@9660f4e]" name="openAccountTest" duration-ms="106225" started-at="2019-04-11T11:19:43Z" data-provider="bankManagerDP" finished-at="2019-04-11T11:21:29Z">
          <params>
            <param index="0">
              <value>
                <![CDATA[{currency=Dollar, browser=chrome, Runmode=Y, customer=Ron Weasly}]]>
              </value>
            </param>
          </params>
          <exception class="java.lang.AssertionError">
            <message>
              <![CDATA[Failing while clicking on an Elementprocess_CSS]]>
            </message>
            <full-stacktrace>
              <![CDATA[java.lang.AssertionError: Failing while clicking on an Elementprocess_CSS
	at org.testng.Assert.fail(Assert.java:93)
	at com.w2a.datadriven.base.TestBase.reportFailure(TestBase.java:170)
	at com.w2a.datadriven.base.TestBase.click(TestBase.java:191)
	at com.w2a.suite.bankmanager.testcases.OpenAccountTest.openAccountTest(OpenAccountTest.java:31)
	at sun.reflect.NativeMethodAccessorImpl.invoke0(Native Method)
	at sun.reflect.NativeMethodAccessorImpl.invoke(NativeMethodAccessorImpl.java:62)
	at sun.reflect.DelegatingMethodAccessorImpl.invoke(DelegatingMethodAccessorImpl.java:43)
	at java.lang.reflect.Method.invoke(Method.java:498)
	at org.testng.internal.MethodInvocationHelper.invokeMethod(MethodInvocationHelper.java:108)
	at org.testng.internal.Invoker.invokeMethod(Invoker.java:661)
	at org.testng.internal.Invoker.invokeTestMethod(Invoker.java:869)
	at org.testng.internal.TestMethodWithDataProviderMethodWorker.call(TestMethodWithDataProviderMethodWorker.java:75)
	at org.testng.internal.TestMethodWithDataProviderMethodWorker.call(TestMethodWithDataProviderMethodWorker.java:14)
	at java.util.concurrent.FutureTask.run(FutureTask.java:266)
	at java.util.concurrent.Executors$RunnableAdapter.call(Executors.java:511)
	at java.util.concurrent.FutureTask.run(FutureTask.java:266)
	at java.util.concurrent.ThreadPoolExecutor.runWorker(ThreadPoolExecutor.java:1149)
	at java.util.concurrent.ThreadPoolExecutor$Worker.run(ThreadPoolExecutor.java:624)
	at java.lang.Thread.run(Thread.java:748)
]]>
            </full-stacktrace>
          </exception> <!-- java.lang.AssertionError -->
          <reporter-output>
          </reporter-output>
        </test-method> <!-- openAccountTest -->
        <test-method status="PASS" signature="tearDown()[pri:0, instance:com.w2a.suite.bankmanager.testcases.OpenAccountTest@9660f4e]" name="tearDown" is-config="true" duration-ms="3554" started-at="2019-04-11T11:21:26Z" finished-at="2019-04-11T11:21:29Z">
          <reporter-output>
          </reporter-output>
        </test-method> <!-- tearDown -->
        <test-method status="PASS" signature="tearDown()[pri:0, instance:com.w2a.suite.bankmanager.testcases.OpenAccountTest@9660f4e]" name="tearDown" is-config="true" duration-ms="2874" started-at="2019-04-11T11:21:29Z" finished-at="2019-04-11T11:21:32Z">
          <reporter-output>
          </reporter-output>
        </test-method> <!-- tearDown -->
        <test-method status="PASS" signature="tearDown()[pri:0, instance:com.w2a.suite.bankmanager.testcases.OpenAccountTest@9660f4e]" name="tearDown" is-config="true" duration-ms="332" started-at="2019-04-11T11:22:23Z" finished-at="2019-04-11T11:22:23Z">
          <reporter-output>
          </reporter-output>
        </test-method> <!-- tearDown -->
      </class> <!-- com.w2a.suite.bankmanager.testcases.OpenAccountTest -->
    </test> <!-- OpenAccountTest -->
  </suite> <!-- BankManagerSuite -->
</testng-results>
