<?xml version="1.0" encoding="UTF-8"?>
<testng-results skipped="0" failed="3" ignored="0" total="6" passed="3">
  <reporter-output>
  </reporter-output>
  <suite name="BankManagerSuite" duration-ms="88747" started-at="2019-04-10T21:33:52Z" finished-at="2019-04-10T21:35:21Z">
    <groups>
    </groups>
    <test name="AddCustomerTest" duration-ms="83644" started-at="2019-04-10T21:33:52Z" finished-at="2019-04-10T21:35:16Z">
      <class name="com.w2a.suite.bankmanager.testcases.AddCustomerTest">
        <test-method status="PASS" signature="addCustomerTest(java.util.Hashtable)[pri:0, instance:com.w2a.suite.bankmanager.testcases.AddCustomerTest@2de8284b]" name="addCustomerTest" duration-ms="43429" started-at="2019-04-10T17:33:52Z" data-provider="bankManagerDP" finished-at="2019-04-10T17:34:36Z">
          <params>
            <param index="0">
              <value>
                <![CDATA[{browser=chrome, postcode=A234424, Runmode=Y, lastname=Arora, firstname=Raman}]]>
              </value>
            </param>
          </params>
          <reporter-output>
          </reporter-output>
        </test-method> <!-- addCustomerTest -->
        <test-method status="PASS" signature="addCustomerTest(java.util.Hashtable)[pri:0, instance:com.w2a.suite.bankmanager.testcases.AddCustomerTest@2de8284b]" name="addCustomerTest" duration-ms="79072" started-at="2019-04-10T17:33:52Z" data-provider="bankManagerDP" finished-at="2019-04-10T17:35:12Z">
          <params>
            <param index="0">
              <value>
                <![CDATA[{browser=firefox, postcode=D53434, Runmode=Y, lastname=Arora, firstname=Rahul}]]>
              </value>
            </param>
          </params>
          <reporter-output>
          </reporter-output>
        </test-method> <!-- addCustomerTest -->
        <test-method status="PASS" signature="addCustomerTest(java.util.Hashtable)[pri:0, instance:com.w2a.suite.bankmanager.testcases.AddCustomerTest@2de8284b]" name="addCustomerTest" duration-ms="82699" started-at="2019-04-10T17:33:52Z" data-provider="bankManagerDP" finished-at="2019-04-10T17:35:15Z">
          <params>
            <param index="0">
              <value>
                <![CDATA[{browser=firefox, postcode=D53434, Runmode=Y, lastname=Smith, firstname=Tom}]]>
              </value>
            </param>
          </params>
          <reporter-output>
          </reporter-output>
        </test-method> <!-- addCustomerTest -->
        <test-method status="PASS" signature="tearDown()[pri:0, instance:com.w2a.suite.bankmanager.testcases.AddCustomerTest@2de8284b]" name="tearDown" is-config="true" duration-ms="1429" started-at="2019-04-10T17:34:36Z" finished-at="2019-04-10T17:34:37Z">
          <reporter-output>
          </reporter-output>
        </test-method> <!-- tearDown -->
        <test-method status="PASS" signature="tearDown()[pri:0, instance:com.w2a.suite.bankmanager.testcases.AddCustomerTest@2de8284b]" name="tearDown" is-config="true" duration-ms="1477" started-at="2019-04-10T17:35:12Z" finished-at="2019-04-10T17:35:13Z">
          <reporter-output>
          </reporter-output>
        </test-method> <!-- tearDown -->
        <test-method status="PASS" signature="tearDown()[pri:0, instance:com.w2a.suite.bankmanager.testcases.AddCustomerTest@2de8284b]" name="tearDown" is-config="true" duration-ms="446" started-at="2019-04-10T17:35:15Z" finished-at="2019-04-10T17:35:16Z">
          <reporter-output>
          </reporter-output>
        </test-method> <!-- tearDown -->
      </class> <!-- com.w2a.suite.bankmanager.testcases.AddCustomerTest -->
    </test> <!-- AddCustomerTest -->
    <test name="OpenAccountTest" duration-ms="88743" started-at="2019-04-10T21:33:52Z" finished-at="2019-04-10T21:35:21Z">
      <class name="com.w2a.suite.bankmanager.testcases.OpenAccountTest">
        <test-method status="FAIL" signature="openAccountTest(java.util.Hashtable)[pri:0, instance:com.w2a.suite.bankmanager.testcases.OpenAccountTest@149494d8]" name="openAccountTest" duration-ms="66746" started-at="2019-04-10T17:33:52Z" data-provider="bankManagerDP" finished-at="2019-04-10T17:34:59Z">
          <params>
            <param index="0">
              <value>
                <![CDATA[{currency=Rupee, browser=chrome, Runmode=Y, customer=Harry Potter}]]>
              </value>
            </param>
          </params>
          <exception class="java.lang.AssertionError">
            <message>
              <![CDATA[Failing while clicking on an Elementprocess_CSS]]>
            </message>
            <full-stacktrace>
              <![CDATA[java.lang.AssertionError: Failing while clicking on an Elementprocess_CSS
	at org.testng.Assert.fail(Assert.java:93)
	at com.w2a.datadriven.base.TestBase.reportFailure(TestBase.java:171)
	at com.w2a.datadriven.base.TestBase.click(TestBase.java:192)
	at com.w2a.suite.bankmanager.testcases.OpenAccountTest.openAccountTest(OpenAccountTest.java:31)
	at sun.reflect.NativeMethodAccessorImpl.invoke0(Native Method)
	at sun.reflect.NativeMethodAccessorImpl.invoke(NativeMethodAccessorImpl.java:62)
	at sun.reflect.DelegatingMethodAccessorImpl.invoke(DelegatingMethodAccessorImpl.java:43)
	at java.lang.reflect.Method.invoke(Method.java:498)
	at org.testng.internal.MethodInvocationHelper.invokeMethod(MethodInvocationHelper.java:108)
	at org.testng.internal.Invoker.invokeMethod(Invoker.java:661)
	at org.testng.internal.Invoker.invokeTestMethod(Invoker.java:869)
	at org.testng.internal.TestMethodWithDataProviderMethodWorker.call(TestMethodWithDataProviderMethodWorker.java:75)
	at org.testng.internal.TestMethodWithDataProviderMethodWorker.call(TestMethodWithDataProviderMethodWorker.java:14)
	at java.util.concurrent.FutureTask.run(FutureTask.java:266)
	at java.util.concurrent.Executors$RunnableAdapter.call(Executors.java:511)
	at java.util.concurrent.FutureTask.run(FutureTask.java:266)
	at java.util.concurrent.ThreadPoolExecutor.runWorker(ThreadPoolExecutor.java:1149)
	at java.util.concurrent.ThreadPoolExecutor$Worker.run(ThreadPoolExecutor.java:624)
	at java.lang.Thread.run(Thread.java:748)
]]>
            </full-stacktrace>
          </exception> <!-- java.lang.AssertionError -->
          <reporter-output>
          </reporter-output>
        </test-method> <!-- openAccountTest -->
        <test-method status="FAIL" signature="openAccountTest(java.util.Hashtable)[pri:0, instance:com.w2a.suite.bankmanager.testcases.OpenAccountTest@149494d8]" name="openAccountTest" duration-ms="67378" started-at="2019-04-10T17:33:52Z" data-provider="bankManagerDP" finished-at="2019-04-10T17:35:00Z">
          <params>
            <param index="0">
              <value>
                <![CDATA[{currency=Dollar, browser=chrome, Runmode=Y, customer=Ron Weasly}]]>
              </value>
            </param>
          </params>
          <exception class="java.lang.AssertionError">
            <message>
              <![CDATA[Failing while clicking on an Elementprocess_CSS]]>
            </message>
            <full-stacktrace>
              <![CDATA[java.lang.AssertionError: Failing while clicking on an Elementprocess_CSS
	at org.testng.Assert.fail(Assert.java:93)
	at com.w2a.datadriven.base.TestBase.reportFailure(TestBase.java:171)
	at com.w2a.datadriven.base.TestBase.click(TestBase.java:192)
	at com.w2a.suite.bankmanager.testcases.OpenAccountTest.openAccountTest(OpenAccountTest.java:31)
	at sun.reflect.NativeMethodAccessorImpl.invoke0(Native Method)
	at sun.reflect.NativeMethodAccessorImpl.invoke(NativeMethodAccessorImpl.java:62)
	at sun.reflect.DelegatingMethodAccessorImpl.invoke(DelegatingMethodAccessorImpl.java:43)
	at java.lang.reflect.Method.invoke(Method.java:498)
	at org.testng.internal.MethodInvocationHelper.invokeMethod(MethodInvocationHelper.java:108)
	at org.testng.internal.Invoker.invokeMethod(Invoker.java:661)
	at org.testng.internal.Invoker.invokeTestMethod(Invoker.java:869)
	at org.testng.internal.TestMethodWithDataProviderMethodWorker.call(TestMethodWithDataProviderMethodWorker.java:75)
	at org.testng.internal.TestMethodWithDataProviderMethodWorker.call(TestMethodWithDataProviderMethodWorker.java:14)
	at java.util.concurrent.FutureTask.run(FutureTask.java:266)
	at java.util.concurrent.Executors$RunnableAdapter.call(Executors.java:511)
	at java.util.concurrent.FutureTask.run(FutureTask.java:266)
	at java.util.concurrent.ThreadPoolExecutor.runWorker(ThreadPoolExecutor.java:1149)
	at java.util.concurrent.ThreadPoolExecutor$Worker.run(ThreadPoolExecutor.java:624)
	at java.lang.Thread.run(Thread.java:748)
]]>
            </full-stacktrace>
          </exception> <!-- java.lang.AssertionError -->
          <reporter-output>
          </reporter-output>
        </test-method> <!-- openAccountTest -->
        <test-method status="FAIL" signature="openAccountTest(java.util.Hashtable)[pri:0, instance:com.w2a.suite.bankmanager.testcases.OpenAccountTest@149494d8]" name="openAccountTest" duration-ms="87885" started-at="2019-04-10T17:33:52Z" data-provider="bankManagerDP" finished-at="2019-04-10T17:35:20Z">
          <params>
            <param index="0">
              <value>
                <![CDATA[{currency=Pound, browser=firefox, Runmode=Y, customer=Hermoine Granger}]]>
              </value>
            </param>
          </params>
          <exception class="java.lang.AssertionError">
            <message>
              <![CDATA[Failing while clicking on an Elementprocess_CSS]]>
            </message>
            <full-stacktrace>
              <![CDATA[java.lang.AssertionError: Failing while clicking on an Elementprocess_CSS
	at org.testng.Assert.fail(Assert.java:93)
	at com.w2a.datadriven.base.TestBase.reportFailure(TestBase.java:171)
	at com.w2a.datadriven.base.TestBase.click(TestBase.java:192)
	at com.w2a.suite.bankmanager.testcases.OpenAccountTest.openAccountTest(OpenAccountTest.java:31)
	at sun.reflect.NativeMethodAccessorImpl.invoke0(Native Method)
	at sun.reflect.NativeMethodAccessorImpl.invoke(NativeMethodAccessorImpl.java:62)
	at sun.reflect.DelegatingMethodAccessorImpl.invoke(DelegatingMethodAccessorImpl.java:43)
	at java.lang.reflect.Method.invoke(Method.java:498)
	at org.testng.internal.MethodInvocationHelper.invokeMethod(MethodInvocationHelper.java:108)
	at org.testng.internal.Invoker.invokeMethod(Invoker.java:661)
	at org.testng.internal.Invoker.invokeTestMethod(Invoker.java:869)
	at org.testng.internal.TestMethodWithDataProviderMethodWorker.call(TestMethodWithDataProviderMethodWorker.java:75)
	at org.testng.internal.TestMethodWithDataProviderMethodWorker.call(TestMethodWithDataProviderMethodWorker.java:14)
	at java.util.concurrent.FutureTask.run(FutureTask.java:266)
	at java.util.concurrent.Executors$RunnableAdapter.call(Executors.java:511)
	at java.util.concurrent.FutureTask.run(FutureTask.java:266)
	at java.util.concurrent.ThreadPoolExecutor.runWorker(ThreadPoolExecutor.java:1149)
	at java.util.concurrent.ThreadPoolExecutor$Worker.run(ThreadPoolExecutor.java:624)
	at java.lang.Thread.run(Thread.java:748)
]]>
            </full-stacktrace>
          </exception> <!-- java.lang.AssertionError -->
          <reporter-output>
          </reporter-output>
        </test-method> <!-- openAccountTest -->
        <test-method status="PASS" signature="tearDown()[pri:0, instance:com.w2a.suite.bankmanager.testcases.OpenAccountTest@149494d8]" name="tearDown" is-config="true" duration-ms="1094" started-at="2019-04-10T17:34:59Z" finished-at="2019-04-10T17:35:00Z">
          <reporter-output>
          </reporter-output>
        </test-method> <!-- tearDown -->
        <test-method status="PASS" signature="tearDown()[pri:0, instance:com.w2a.suite.bankmanager.testcases.OpenAccountTest@149494d8]" name="tearDown" is-config="true" duration-ms="1081" started-at="2019-04-10T17:35:00Z" finished-at="2019-04-10T17:35:01Z">
          <reporter-output>
          </reporter-output>
        </test-method> <!-- tearDown -->
        <test-method status="PASS" signature="tearDown()[pri:0, instance:com.w2a.suite.bankmanager.testcases.OpenAccountTest@149494d8]" name="tearDown" is-config="true" duration-ms="365" started-at="2019-04-10T17:35:20Z" finished-at="2019-04-10T17:35:21Z">
          <reporter-output>
          </reporter-output>
        </test-method> <!-- tearDown -->
      </class> <!-- com.w2a.suite.bankmanager.testcases.OpenAccountTest -->
    </test> <!-- OpenAccountTest -->
  </suite> <!-- BankManagerSuite -->
</testng-results>
